[0.012s] Invoking command in '/home/alien/Documents/Bumper-Bot/bumperbot_ws/build/bumperbot_controller': CMAKE_PREFIX_PATH=/opt/ros/humble /usr/bin/cmake /home/alien/Documents/Bumper-Bot/bumperbot_ws/src/bumperbot_controller -DCMAKE_INSTALL_PREFIX=/home/alien/Documents/Bumper-Bot/bumperbot_ws/install/bumperbot_controller
[0.048s] -- The C compiler identification is GNU 11.4.0
[0.086s] -- The CXX compiler identification is GNU 11.4.0
[0.091s] -- Detecting C compiler ABI info
[0.136s] -- Detecting C compiler ABI info - done
[0.141s] -- Check for working C compiler: /usr/bin/cc - skipped
[0.141s] -- Detecting C compile features
[0.142s] -- Detecting C compile features - done
[0.144s] -- Detecting CXX compiler ABI info
[0.198s] -- Detecting CXX compiler ABI info - done
[0.205s] -- Check for working CXX compiler: /usr/bin/c++ - skipped
[0.205s] -- Detecting CXX compile features
[0.206s] -- Detecting CXX compile features - done
[0.208s] -- Found ament_cmake: 1.3.5 (/opt/ros/humble/share/ament_cmake/cmake)
[0.325s] -- Found Python3: /usr/bin/python3.10 (found version "3.10.12") found components: Interpreter 
[0.431s] -- Configuring done
[0.432s] -- Generating done
[0.433s] -- Build files have been written to: /home/alien/Documents/Bumper-Bot/bumperbot_ws/build/bumperbot_controller
[0.436s] Invoked command in '/home/alien/Documents/Bumper-Bot/bumperbot_ws/build/bumperbot_controller' returned '0': CMAKE_PREFIX_PATH=/opt/ros/humble /usr/bin/cmake /home/alien/Documents/Bumper-Bot/bumperbot_ws/src/bumperbot_controller -DCMAKE_INSTALL_PREFIX=/home/alien/Documents/Bumper-Bot/bumperbot_ws/install/bumperbot_controller
[0.438s] Invoking command in '/home/alien/Documents/Bumper-Bot/bumperbot_ws/build/bumperbot_controller': CMAKE_PREFIX_PATH=/opt/ros/humble /usr/bin/cmake --build /home/alien/Documents/Bumper-Bot/bumperbot_ws/build/bumperbot_controller -- -j16 -l16
[0.462s] Invoked command in '/home/alien/Documents/Bumper-Bot/bumperbot_ws/build/bumperbot_controller' returned '0': CMAKE_PREFIX_PATH=/opt/ros/humble /usr/bin/cmake --build /home/alien/Documents/Bumper-Bot/bumperbot_ws/build/bumperbot_controller -- -j16 -l16
[0.477s] Invoking command in '/home/alien/Documents/Bumper-Bot/bumperbot_ws/build/bumperbot_controller': CMAKE_PREFIX_PATH=/opt/ros/humble /usr/bin/cmake --install /home/alien/Documents/Bumper-Bot/bumperbot_ws/build/bumperbot_controller
[0.483s] -- Install configuration: ""
[0.483s] -- Installing: /home/alien/Documents/Bumper-Bot/bumperbot_ws/install/bumperbot_controller/share/bumperbot_controller/launch
[0.483s] -- Installing: /home/alien/Documents/Bumper-Bot/bumperbot_ws/install/bumperbot_controller/share/bumperbot_controller/launch/controller.launch.py
[0.483s] -- Installing: /home/alien/Documents/Bumper-Bot/bumperbot_ws/install/bumperbot_controller/share/bumperbot_controller/config
[0.483s] -- Installing: /home/alien/Documents/Bumper-Bot/bumperbot_ws/install/bumperbot_controller/share/bumperbot_controller/config/bumperbot_controller.yaml
[0.483s] -- Installing: /home/alien/Documents/Bumper-Bot/bumperbot_ws/install/bumperbot_controller/share/ament_index/resource_index/package_run_dependencies/bumperbot_controller
[0.483s] -- Installing: /home/alien/Documents/Bumper-Bot/bumperbot_ws/install/bumperbot_controller/share/ament_index/resource_index/parent_prefix_path/bumperbot_controller
[0.484s] -- Installing: /home/alien/Documents/Bumper-Bot/bumperbot_ws/install/bumperbot_controller/share/bumperbot_controller/environment/ament_prefix_path.sh
[0.484s] -- Installing: /home/alien/Documents/Bumper-Bot/bumperbot_ws/install/bumperbot_controller/share/bumperbot_controller/environment/ament_prefix_path.dsv
[0.484s] -- Installing: /home/alien/Documents/Bumper-Bot/bumperbot_ws/install/bumperbot_controller/share/bumperbot_controller/environment/path.sh
[0.484s] -- Installing: /home/alien/Documents/Bumper-Bot/bumperbot_ws/install/bumperbot_controller/share/bumperbot_controller/environment/path.dsv
[0.484s] -- Installing: /home/alien/Documents/Bumper-Bot/bumperbot_ws/install/bumperbot_controller/share/bumperbot_controller/local_setup.bash
[0.484s] -- Installing: /home/alien/Documents/Bumper-Bot/bumperbot_ws/install/bumperbot_controller/share/bumperbot_controller/local_setup.sh
[0.484s] -- Installing: /home/alien/Documents/Bumper-Bot/bumperbot_ws/install/bumperbot_controller/share/bumperbot_controller/local_setup.zsh
[0.485s] -- Installing: /home/alien/Documents/Bumper-Bot/bumperbot_ws/install/bumperbot_controller/share/bumperbot_controller/local_setup.dsv
[0.485s] -- Installing: /home/alien/Documents/Bumper-Bot/bumperbot_ws/install/bumperbot_controller/share/bumperbot_controller/package.dsv
[0.485s] -- Installing: /home/alien/Documents/Bumper-Bot/bumperbot_ws/install/bumperbot_controller/share/ament_index/resource_index/packages/bumperbot_controller
[0.485s] -- Installing: /home/alien/Documents/Bumper-Bot/bumperbot_ws/install/bumperbot_controller/share/bumperbot_controller/cmake/bumperbot_controllerConfig.cmake
[0.485s] -- Installing: /home/alien/Documents/Bumper-Bot/bumperbot_ws/install/bumperbot_controller/share/bumperbot_controller/cmake/bumperbot_controllerConfig-version.cmake
[0.485s] -- Installing: /home/alien/Documents/Bumper-Bot/bumperbot_ws/install/bumperbot_controller/share/bumperbot_controller/package.xml
[0.489s] Invoked command in '/home/alien/Documents/Bumper-Bot/bumperbot_ws/build/bumperbot_controller' returned '0': CMAKE_PREFIX_PATH=/opt/ros/humble /usr/bin/cmake --install /home/alien/Documents/Bumper-Bot/bumperbot_ws/build/bumperbot_controller
