[0.009s] Invoking command in '/home/alien/Documents/Bumper-Bot/bumperbot_ws/build/bumperbot_description': CMAKE_PREFIX_PATH=/opt/ros/humble /usr/bin/cmake /home/alien/Documents/Bumper-Bot/bumperbot_ws/src/bumperbot_description -DCMAKE_INSTALL_PREFIX=/home/alien/Documents/Bumper-Bot/bumperbot_ws/install/bumperbot_description
[0.044s] -- The C compiler identification is GNU 11.4.0
[0.081s] -- The CXX compiler identification is GNU 11.4.0
[0.086s] -- Detecting C compiler ABI info
[0.132s] -- Detecting C compiler ABI info - done
[0.138s] -- Check for working C compiler: /usr/bin/cc - skipped
[0.138s] -- Detecting C compile features
[0.138s] -- Detecting C compile features - done
[0.140s] -- Detecting CXX compiler ABI info
[0.193s] -- Detecting CXX compiler ABI info - done
[0.204s] -- Check for working CXX compiler: /usr/bin/c++ - skipped
[0.204s] -- Detecting CXX compile features
[0.205s] -- Detecting CXX compile features - done
[0.206s] -- Found ament_cmake: 1.3.5 (/opt/ros/humble/share/ament_cmake/cmake)
[0.322s] -- Found Python3: /usr/bin/python3.10 (found version "3.10.12") found components: Interpreter 
[0.387s] -- Found urdf: 2.6.0 (/opt/ros/humble/share/urdf/cmake)
[0.423s] -- Found ament_lint_auto: 0.12.7 (/opt/ros/humble/share/ament_lint_auto/cmake)
[0.479s] -- Added test 'copyright' to check source files copyright and LICENSE
[0.481s] -- Added test 'flake8' to check Python code syntax and style conventions
[0.481s] -- Added test 'lint_cmake' to check CMake code style
[0.481s] -- Added test 'pep257' to check Python code against some of the docstring style conventions in PEP 257
[0.482s] -- Added test 'xmllint' to check XML markup files
[0.483s] -- Configuring done
[0.485s] -- Generating done
[0.486s] -- Build files have been written to: /home/alien/Documents/Bumper-Bot/bumperbot_ws/build/bumperbot_description
[0.491s] Invoked command in '/home/alien/Documents/Bumper-Bot/bumperbot_ws/build/bumperbot_description' returned '0': CMAKE_PREFIX_PATH=/opt/ros/humble /usr/bin/cmake /home/alien/Documents/Bumper-Bot/bumperbot_ws/src/bumperbot_description -DCMAKE_INSTALL_PREFIX=/home/alien/Documents/Bumper-Bot/bumperbot_ws/install/bumperbot_description
[0.492s] Invoking command in '/home/alien/Documents/Bumper-Bot/bumperbot_ws/build/bumperbot_description': CMAKE_PREFIX_PATH=/opt/ros/humble /usr/bin/cmake --build /home/alien/Documents/Bumper-Bot/bumperbot_ws/build/bumperbot_description -- -j16 -l16
[0.519s] Invoked command in '/home/alien/Documents/Bumper-Bot/bumperbot_ws/build/bumperbot_description' returned '0': CMAKE_PREFIX_PATH=/opt/ros/humble /usr/bin/cmake --build /home/alien/Documents/Bumper-Bot/bumperbot_ws/build/bumperbot_description -- -j16 -l16
[0.539s] Invoking command in '/home/alien/Documents/Bumper-Bot/bumperbot_ws/build/bumperbot_description': CMAKE_PREFIX_PATH=/opt/ros/humble /usr/bin/cmake --install /home/alien/Documents/Bumper-Bot/bumperbot_ws/build/bumperbot_description
[0.544s] -- Install configuration: ""
[0.545s] -- Installing: /home/alien/Documents/Bumper-Bot/bumperbot_ws/install/bumperbot_description/share/bumperbot_description/launch
[0.545s] -- Installing: /home/alien/Documents/Bumper-Bot/bumperbot_ws/install/bumperbot_description/share/bumperbot_description/launch/display.launch.py
[0.545s] -- Installing: /home/alien/Documents/Bumper-Bot/bumperbot_ws/install/bumperbot_description/share/bumperbot_description/launch/gazebo.launch.py
[0.545s] -- Installing: /home/alien/Documents/Bumper-Bot/bumperbot_ws/install/bumperbot_description/share/bumperbot_description/meshes
[0.545s] -- Installing: /home/alien/Documents/Bumper-Bot/bumperbot_ws/install/bumperbot_description/share/bumperbot_description/meshes/camera_link.STL
[0.545s] -- Installing: /home/alien/Documents/Bumper-Bot/bumperbot_ws/install/bumperbot_description/share/bumperbot_description/meshes/imu_link.STL
[0.545s] -- Installing: /home/alien/Documents/Bumper-Bot/bumperbot_ws/install/bumperbot_description/share/bumperbot_description/meshes/caster_rear_link.STL
[0.545s] -- Installing: /home/alien/Documents/Bumper-Bot/bumperbot_ws/install/bumperbot_description/share/bumperbot_description/meshes/wheel_left_link.STL
[0.546s] -- Installing: /home/alien/Documents/Bumper-Bot/bumperbot_ws/install/bumperbot_description/share/bumperbot_description/meshes/base_link.STL
[0.556s] -- Installing: /home/alien/Documents/Bumper-Bot/bumperbot_ws/install/bumperbot_description/share/bumperbot_description/meshes/laser_link.STL
[0.559s] -- Installing: /home/alien/Documents/Bumper-Bot/bumperbot_ws/install/bumperbot_description/share/bumperbot_description/meshes/caster_front_link.STL
[0.559s] -- Installing: /home/alien/Documents/Bumper-Bot/bumperbot_ws/install/bumperbot_description/share/bumperbot_description/meshes/wheel_right_link.STL
[0.560s] -- Installing: /home/alien/Documents/Bumper-Bot/bumperbot_ws/install/bumperbot_description/share/bumperbot_description/urdf
[0.560s] -- Installing: /home/alien/Documents/Bumper-Bot/bumperbot_ws/install/bumperbot_description/share/bumperbot_description/urdf/bumperbot_ros2_control.xacro
[0.560s] -- Installing: /home/alien/Documents/Bumper-Bot/bumperbot_ws/install/bumperbot_description/share/bumperbot_description/urdf/bumperbot.urdf.xacro
[0.560s] -- Installing: /home/alien/Documents/Bumper-Bot/bumperbot_ws/install/bumperbot_description/share/bumperbot_description/urdf/bumperbot_gazebo.xacro
[0.560s] -- Installing: /home/alien/Documents/Bumper-Bot/bumperbot_ws/install/bumperbot_description/share/bumperbot_description/rviz
[0.561s] -- Installing: /home/alien/Documents/Bumper-Bot/bumperbot_ws/install/bumperbot_description/share/ament_index/resource_index/package_run_dependencies/bumperbot_description
[0.561s] -- Installing: /home/alien/Documents/Bumper-Bot/bumperbot_ws/install/bumperbot_description/share/ament_index/resource_index/parent_prefix_path/bumperbot_description
[0.561s] -- Installing: /home/alien/Documents/Bumper-Bot/bumperbot_ws/install/bumperbot_description/share/bumperbot_description/environment/ament_prefix_path.sh
[0.561s] -- Installing: /home/alien/Documents/Bumper-Bot/bumperbot_ws/install/bumperbot_description/share/bumperbot_description/environment/ament_prefix_path.dsv
[0.561s] -- Installing: /home/alien/Documents/Bumper-Bot/bumperbot_ws/install/bumperbot_description/share/bumperbot_description/environment/path.sh
[0.561s] -- Installing: /home/alien/Documents/Bumper-Bot/bumperbot_ws/install/bumperbot_description/share/bumperbot_description/environment/path.dsv
[0.561s] -- Installing: /home/alien/Documents/Bumper-Bot/bumperbot_ws/install/bumperbot_description/share/bumperbot_description/local_setup.bash
[0.561s] -- Installing: /home/alien/Documents/Bumper-Bot/bumperbot_ws/install/bumperbot_description/share/bumperbot_description/local_setup.sh
[0.561s] -- Installing: /home/alien/Documents/Bumper-Bot/bumperbot_ws/install/bumperbot_description/share/bumperbot_description/local_setup.zsh
[0.561s] -- Installing: /home/alien/Documents/Bumper-Bot/bumperbot_ws/install/bumperbot_description/share/bumperbot_description/local_setup.dsv
[0.561s] -- Installing: /home/alien/Documents/Bumper-Bot/bumperbot_ws/install/bumperbot_description/share/bumperbot_description/package.dsv
[0.561s] -- Installing: /home/alien/Documents/Bumper-Bot/bumperbot_ws/install/bumperbot_description/share/ament_index/resource_index/packages/bumperbot_description
[0.562s] -- Installing: /home/alien/Documents/Bumper-Bot/bumperbot_ws/install/bumperbot_description/share/bumperbot_description/cmake/bumperbot_descriptionConfig.cmake
[0.562s] -- Installing: /home/alien/Documents/Bumper-Bot/bumperbot_ws/install/bumperbot_description/share/bumperbot_description/cmake/bumperbot_descriptionConfig-version.cmake
[0.562s] -- Installing: /home/alien/Documents/Bumper-Bot/bumperbot_ws/install/bumperbot_description/share/bumperbot_description/package.xml
[0.564s] Invoked command in '/home/alien/Documents/Bumper-Bot/bumperbot_ws/build/bumperbot_description' returned '0': CMAKE_PREFIX_PATH=/opt/ros/humble /usr/bin/cmake --install /home/alien/Documents/Bumper-Bot/bumperbot_ws/build/bumperbot_description
