[0.013s] Invoking command in '/home/alien/Documents/Bumper-Bot/bumperbot_ws/build/bumperbot_controller': CMAKE_PREFIX_PATH=/opt/ros/humble /usr/bin/cmake --build /home/alien/Documents/Bumper-Bot/bumperbot_ws/build/bumperbot_controller -- -j16 -l16
[0.037s] Invoked command in '/home/alien/Documents/Bumper-Bot/bumperbot_ws/build/bumperbot_controller' returned '0': CMAKE_PREFIX_PATH=/opt/ros/humble /usr/bin/cmake --build /home/alien/Documents/Bumper-Bot/bumperbot_ws/build/bumperbot_controller -- -j16 -l16
[0.055s] Invoking command in '/home/alien/Documents/Bumper-Bot/bumperbot_ws/build/bumperbot_controller': CMAKE_PREFIX_PATH=/opt/ros/humble /usr/bin/cmake --install /home/alien/Documents/Bumper-Bot/bumperbot_ws/build/bumperbot_controller
[0.059s] -- Install configuration: ""
[0.060s] -- Up-to-date: /home/alien/Documents/Bumper-Bot/bumperbot_ws/install/bumperbot_controller/share/bumperbot_controller/launch
[0.060s] -- Installing: /home/alien/Documents/Bumper-Bot/bumperbot_ws/install/bumperbot_controller/share/bumperbot_controller/launch/controller.launch.py
[0.060s] -- Up-to-date: /home/alien/Documents/Bumper-Bot/bumperbot_ws/install/bumperbot_controller/share/bumperbot_controller/config
[0.060s] -- Installing: /home/alien/Documents/Bumper-Bot/bumperbot_ws/install/bumperbot_controller/share/bumperbot_controller/config/bumperbot_controller.yaml
[0.060s] -- Up-to-date: /home/alien/Documents/Bumper-Bot/bumperbot_ws/install/bumperbot_controller/share/ament_index/resource_index/package_run_dependencies/bumperbot_controller
[0.060s] -- Up-to-date: /home/alien/Documents/Bumper-Bot/bumperbot_ws/install/bumperbot_controller/share/ament_index/resource_index/parent_prefix_path/bumperbot_controller
[0.060s] -- Up-to-date: /home/alien/Documents/Bumper-Bot/bumperbot_ws/install/bumperbot_controller/share/bumperbot_controller/environment/ament_prefix_path.sh
[0.060s] -- Up-to-date: /home/alien/Documents/Bumper-Bot/bumperbot_ws/install/bumperbot_controller/share/bumperbot_controller/environment/ament_prefix_path.dsv
[0.060s] -- Up-to-date: /home/alien/Documents/Bumper-Bot/bumperbot_ws/install/bumperbot_controller/share/bumperbot_controller/environment/path.sh
[0.060s] -- Up-to-date: /home/alien/Documents/Bumper-Bot/bumperbot_ws/install/bumperbot_controller/share/bumperbot_controller/environment/path.dsv
[0.060s] -- Up-to-date: /home/alien/Documents/Bumper-Bot/bumperbot_ws/install/bumperbot_controller/share/bumperbot_controller/local_setup.bash
[0.060s] -- Up-to-date: /home/alien/Documents/Bumper-Bot/bumperbot_ws/install/bumperbot_controller/share/bumperbot_controller/local_setup.sh
[0.060s] -- Up-to-date: /home/alien/Documents/Bumper-Bot/bumperbot_ws/install/bumperbot_controller/share/bumperbot_controller/local_setup.zsh
[0.060s] -- Up-to-date: /home/alien/Documents/Bumper-Bot/bumperbot_ws/install/bumperbot_controller/share/bumperbot_controller/local_setup.dsv
[0.060s] -- Installing: /home/alien/Documents/Bumper-Bot/bumperbot_ws/install/bumperbot_controller/share/bumperbot_controller/package.dsv
[0.061s] -- Up-to-date: /home/alien/Documents/Bumper-Bot/bumperbot_ws/install/bumperbot_controller/share/ament_index/resource_index/packages/bumperbot_controller
[0.061s] -- Up-to-date: /home/alien/Documents/Bumper-Bot/bumperbot_ws/install/bumperbot_controller/share/bumperbot_controller/cmake/bumperbot_controllerConfig.cmake
[0.061s] -- Up-to-date: /home/alien/Documents/Bumper-Bot/bumperbot_ws/install/bumperbot_controller/share/bumperbot_controller/cmake/bumperbot_controllerConfig-version.cmake
[0.061s] -- Up-to-date: /home/alien/Documents/Bumper-Bot/bumperbot_ws/install/bumperbot_controller/share/bumperbot_controller/package.xml
[0.066s] Invoked command in '/home/alien/Documents/Bumper-Bot/bumperbot_ws/build/bumperbot_controller' returned '0': CMAKE_PREFIX_PATH=/opt/ros/humble /usr/bin/cmake --install /home/alien/Documents/Bumper-Bot/bumperbot_ws/build/bumperbot_controller
